<?xml version="1.0" encoding="UTF-8"?>
<!-- Generated by org.testng.reporters.JUnitReportReporter -->
<testsuite hostname="Ranjeet-MacBook-Pro.local" failures="0" tests="1" name="Com.OrangeHRM.TestCases.HomepageTest" time="29.193" errors="0" timestamp="2022-10-11T22:13:53 IST" skipped="0">
  <testcase classname="Com.OrangeHRM.TestCases.HomepageTest" name="EmployeeName" time="29.193"/>
  <system-out/>
</testsuite> <!-- Com.OrangeHRM.TestCases.HomepageTest -->
